<?xml version="1.0" encoding="UTF-8"?>
<!-- Generated by org.testng.reporters.JUnitXMLReporter -->
<testsuite hostname="LAPTOP-GPNPFFK4" ignored="0" name="PizzaHut App Deal Test Cases" tests="4" failures="0" timestamp="2020-06-30T16:23:42 CDT" time="56.803" errors="0">
  <testcase name="CheckDealOptionStatus" time="1.588" classname="com.pizzhut.qa.testcases.DealPageTest"/>
  <testcase name="facebookIconTest" time="0.394" classname="com.pizzhut.qa.testcases.DealPageTest"/>
  <testcase name="twitterIconTest" time="1.44" classname="com.pizzhut.qa.testcases.DealPageTest"/>
  <testcase name="clickonDealOption" time="0.724" classname="com.pizzhut.qa.testcases.DealPageTest"/>
</testsuite> <!-- PizzaHut App Deal Test Cases -->
